build/app/intermediates/manifest_merge_blame_file/release/manifest-merger-blame-release-report.txt
1<?xml version="1.0" encoding="utf-8"?>
2<manifest xmlns:android="http://schemas.android.com/apk/res/android"
3    package="com.dezynex.al_dana_admin"
4    android:versionCode="1"
5    android:versionName="1.0.0" >
6
7    <uses-sdk
8        android:minSdkVersion="21"
8-->src/main/AndroidManifest.xml
9        android:targetSdkVersion="33" />
9-->src/main/AndroidManifest.xml
10
11    <uses-permission android:name="android.permission.INTERNET" />
11-->src/main/AndroidManifest.xml:42:5-67
11-->src/main/AndroidManifest.xml:42:22-64
12    <uses-permission android:name="android.permission.ACCESS_NETWORK_STATE" />
12-->src/main/AndroidManifest.xml:43:5-79
12-->src/main/AndroidManifest.xml:43:22-76
13    <uses-permission android:name="android.permission.ACCESS_COARSE_LOCATION" />
13-->src/main/AndroidManifest.xml:44:5-81
13-->src/main/AndroidManifest.xml:44:22-78
14    <uses-permission android:name="android.permission.ACCESS_FINE_LOCATION" />
14-->src/main/AndroidManifest.xml:45:5-79
14-->src/main/AndroidManifest.xml:45:22-76
15    <uses-permission android:name="android.permission.ACCESS_BACKGROUND_LOCATION" />
15-->src/main/AndroidManifest.xml:46:5-85
15-->src/main/AndroidManifest.xml:46:22-82
16    <uses-permission android:name="android.permission.FOREGROUND_SERVICE" />
16-->src/main/AndroidManifest.xml:47:5-77
16-->src/main/AndroidManifest.xml:47:22-74
17    <uses-permission android:name="com.google.android.gms.permission.AD_ID" />
17-->src/main/AndroidManifest.xml:48:5-78
17-->src/main/AndroidManifest.xml:48:22-76
18    <uses-permission
18-->src/main/AndroidManifest.xml:49:5-50:38
19        android:name="android.permission.READ_EXTERNAL_STORAGE"
19-->src/main/AndroidManifest.xml:49:22-77
20        android:maxSdkVersion="33" />
20-->src/main/AndroidManifest.xml:50:9-35
21    <uses-permission
21-->src/main/AndroidManifest.xml:51:5-52:39
22        android:name="android.permission.WRITE_EXTERNAL_STORAGE"
22-->src/main/AndroidManifest.xml:51:22-78
23        android:maxSdkVersion="33" />
23-->src/main/AndroidManifest.xml:52:9-35
24    <uses-permission android:name="android.permission.READ_MEDIA_IMAGES" />
24-->src/main/AndroidManifest.xml:53:5-75
24-->src/main/AndroidManifest.xml:53:22-73
25    <uses-permission android:name="android.permission.READ_MEDIA_VIDEO" />
25-->src/main/AndroidManifest.xml:54:5-74
25-->src/main/AndroidManifest.xml:54:22-72
26    <uses-permission android:name="android.permission.READ_MEDIA_AUDIO" />
26-->src/main/AndroidManifest.xml:55:5-74
26-->src/main/AndroidManifest.xml:55:22-72
27
28    <queries>
28-->[:file_picker] AndroidManifest.xml:11:5-17:15
29        <intent>
29-->[:file_picker] AndroidManifest.xml:12:9-16:18
30            <action android:name="android.intent.action.GET_CONTENT" />
30-->[:file_picker] AndroidManifest.xml:13:13-72
30-->[:file_picker] AndroidManifest.xml:13:21-69
31
32            <data android:mimeType="*/*" />
32-->[:file_picker] AndroidManifest.xml:15:13-44
32-->[:file_picker] AndroidManifest.xml:15:19-41
33        </intent>
34
35        <package android:name="com.google.android.apps.maps" />
35-->[:map_launcher] AndroidManifest.xml:10:9-64
35-->[:map_launcher] AndroidManifest.xml:10:18-61
36        <package android:name="com.google.android.apps.mapslite" />
36-->[:map_launcher] AndroidManifest.xml:11:9-68
36-->[:map_launcher] AndroidManifest.xml:11:18-65
37        <package android:name="com.autonavi.minimap" />
37-->[:map_launcher] AndroidManifest.xml:12:9-56
37-->[:map_launcher] AndroidManifest.xml:12:18-53
38        <package android:name="com.baidu.BaiduMap" />
38-->[:map_launcher] AndroidManifest.xml:13:9-54
38-->[:map_launcher] AndroidManifest.xml:13:18-51
39        <package android:name="com.waze" />
39-->[:map_launcher] AndroidManifest.xml:14:9-44
39-->[:map_launcher] AndroidManifest.xml:14:18-41
40        <package android:name="ru.yandex.yandexnavi" />
40-->[:map_launcher] AndroidManifest.xml:15:9-56
40-->[:map_launcher] AndroidManifest.xml:15:18-53
41        <package android:name="ru.yandex.yandexmaps" />
41-->[:map_launcher] AndroidManifest.xml:16:9-56
41-->[:map_launcher] AndroidManifest.xml:16:18-53
42        <package android:name="com.citymapper.app.release" />
42-->[:map_launcher] AndroidManifest.xml:17:9-62
42-->[:map_launcher] AndroidManifest.xml:17:18-59
43        <package android:name="com.mapswithme.maps.pro" />
43-->[:map_launcher] AndroidManifest.xml:18:9-59
43-->[:map_launcher] AndroidManifest.xml:18:18-56
44        <package android:name="net.osmand" />
44-->[:map_launcher] AndroidManifest.xml:19:9-46
44-->[:map_launcher] AndroidManifest.xml:19:18-43
45        <package android:name="net.osmand.plus" />
45-->[:map_launcher] AndroidManifest.xml:20:9-51
45-->[:map_launcher] AndroidManifest.xml:20:18-48
46        <package android:name="ru.dublgis.dgismobile" />
46-->[:map_launcher] AndroidManifest.xml:21:9-57
46-->[:map_launcher] AndroidManifest.xml:21:18-54
47        <package android:name="com.tencent.map" />
47-->[:map_launcher] AndroidManifest.xml:22:9-51
47-->[:map_launcher] AndroidManifest.xml:22:18-48
48        <package android:name="com.here.app.maps" />
48-->[:map_launcher] AndroidManifest.xml:23:9-53
48-->[:map_launcher] AndroidManifest.xml:23:18-50
49        <package android:name="com.huawei.maps.app" />
49-->[:map_launcher] AndroidManifest.xml:24:9-55
49-->[:map_launcher] AndroidManifest.xml:24:18-52
50    </queries>
51
52    <uses-feature
52-->[com.google.android.gms:play-services-maps:18.1.0] AndroidManifest.xml:26:5-28:35
53        android:glEsVersion="0x00020000"
53-->[com.google.android.gms:play-services-maps:18.1.0] AndroidManifest.xml:27:9-41
54        android:required="true" /> <!-- Create a unique permission for your app and use it so only your app can receive your OneSignal messages. -->
54-->[com.google.android.gms:play-services-maps:18.1.0] AndroidManifest.xml:28:9-32
55    <permission
55-->[com.onesignal:OneSignal:4.8.5] AndroidManifest.xml:7:5-9:47
56        android:name="com.dezynex.al_dana_admin.permission.C2D_MESSAGE"
56-->[com.onesignal:OneSignal:4.8.5] AndroidManifest.xml:8:9-63
57        android:protectionLevel="signature" />
57-->[com.onesignal:OneSignal:4.8.5] AndroidManifest.xml:9:9-44
58
59    <uses-permission android:name="com.dezynex.al_dana_admin.permission.C2D_MESSAGE" /> <!-- OneSignal SDK has runtime checks Android version. -->
59-->[com.onesignal:OneSignal:4.8.5] AndroidManifest.xml:11:5-79
59-->[com.onesignal:OneSignal:4.8.5] AndroidManifest.xml:11:22-76
60    <!-- <uses-sdk tools:overrideLibrary="android.support.customtabs"/> -->
61    <!-- Required runtime permission to display notifications on Android 13 -->
62    <uses-permission android:name="android.permission.POST_NOTIFICATIONS" /> <!-- c2dm RECEIVE are basic requirements for push messages through Google's FCM -->
62-->[com.onesignal:OneSignal:4.8.5] AndroidManifest.xml:16:5-77
62-->[com.onesignal:OneSignal:4.8.5] AndroidManifest.xml:16:22-74
63    <uses-permission android:name="com.google.android.c2dm.permission.RECEIVE" /> <!-- Required, makes sure notifications are delivered on time. -->
63-->[com.onesignal:OneSignal:4.8.5] AndroidManifest.xml:18:5-82
63-->[com.onesignal:OneSignal:4.8.5] AndroidManifest.xml:18:22-79
64    <uses-permission android:name="android.permission.WAKE_LOCK" />
64-->[com.onesignal:OneSignal:4.8.5] AndroidManifest.xml:19:5-68
64-->[com.onesignal:OneSignal:4.8.5] AndroidManifest.xml:19:22-65
65    <!--
66 Required so the device vibrates on receiving a push notification.
67         Vibration settings of the device still apply.
68    -->
69    <uses-permission android:name="android.permission.VIBRATE" />
69-->[com.onesignal:OneSignal:4.8.5] AndroidManifest.xml:24:5-66
69-->[com.onesignal:OneSignal:4.8.5] AndroidManifest.xml:24:22-63
70    <!--
71 Use to restore notifications the user hasn't interacted with.
72         They could be missed notifications if the user reboots their device if this isn't in place.
73    -->
74    <uses-permission android:name="android.permission.RECEIVE_BOOT_COMPLETED" /> <!-- START: ShortcutBadger -->
74-->[com.onesignal:OneSignal:4.8.5] AndroidManifest.xml:30:5-81
74-->[com.onesignal:OneSignal:4.8.5] AndroidManifest.xml:30:22-78
75    <!-- Samsung -->
76    <uses-permission android:name="com.sec.android.provider.badge.permission.READ" />
76-->[com.onesignal:OneSignal:4.8.5] AndroidManifest.xml:32:5-86
76-->[com.onesignal:OneSignal:4.8.5] AndroidManifest.xml:32:22-83
77    <uses-permission android:name="com.sec.android.provider.badge.permission.WRITE" /> <!-- HTC -->
77-->[com.onesignal:OneSignal:4.8.5] AndroidManifest.xml:33:5-87
77-->[com.onesignal:OneSignal:4.8.5] AndroidManifest.xml:33:22-84
78    <uses-permission android:name="com.htc.launcher.permission.READ_SETTINGS" />
78-->[com.onesignal:OneSignal:4.8.5] AndroidManifest.xml:34:5-81
78-->[com.onesignal:OneSignal:4.8.5] AndroidManifest.xml:34:22-78
79    <uses-permission android:name="com.htc.launcher.permission.UPDATE_SHORTCUT" /> <!-- Sony -->
79-->[com.onesignal:OneSignal:4.8.5] AndroidManifest.xml:35:5-83
79-->[com.onesignal:OneSignal:4.8.5] AndroidManifest.xml:35:22-80
80    <uses-permission android:name="com.sonyericsson.home.permission.BROADCAST_BADGE" />
80-->[com.onesignal:OneSignal:4.8.5] AndroidManifest.xml:36:5-88
80-->[com.onesignal:OneSignal:4.8.5] AndroidManifest.xml:36:22-85
81    <uses-permission android:name="com.sonymobile.home.permission.PROVIDER_INSERT_BADGE" /> <!-- Apex -->
81-->[com.onesignal:OneSignal:4.8.5] AndroidManifest.xml:37:5-92
81-->[com.onesignal:OneSignal:4.8.5] AndroidManifest.xml:37:22-89
82    <uses-permission android:name="com.anddoes.launcher.permission.UPDATE_COUNT" /> <!-- Solid -->
82-->[com.onesignal:OneSignal:4.8.5] AndroidManifest.xml:38:5-84
82-->[com.onesignal:OneSignal:4.8.5] AndroidManifest.xml:38:22-81
83    <uses-permission android:name="com.majeur.launcher.permission.UPDATE_BADGE" /> <!-- Huawei -->
83-->[com.onesignal:OneSignal:4.8.5] AndroidManifest.xml:39:5-83
83-->[com.onesignal:OneSignal:4.8.5] AndroidManifest.xml:39:22-80
84    <uses-permission android:name="com.huawei.android.launcher.permission.CHANGE_BADGE" />
84-->[com.onesignal:OneSignal:4.8.5] AndroidManifest.xml:40:5-91
84-->[com.onesignal:OneSignal:4.8.5] AndroidManifest.xml:40:22-88
85    <uses-permission android:name="com.huawei.android.launcher.permission.READ_SETTINGS" />
85-->[com.onesignal:OneSignal:4.8.5] AndroidManifest.xml:41:5-92
85-->[com.onesignal:OneSignal:4.8.5] AndroidManifest.xml:41:22-89
86    <uses-permission android:name="com.huawei.android.launcher.permission.WRITE_SETTINGS" /> <!-- ZUK -->
86-->[com.onesignal:OneSignal:4.8.5] AndroidManifest.xml:42:5-93
86-->[com.onesignal:OneSignal:4.8.5] AndroidManifest.xml:42:22-90
87    <uses-permission android:name="android.permission.READ_APP_BADGE" /> <!-- OPPO -->
87-->[com.onesignal:OneSignal:4.8.5] AndroidManifest.xml:43:5-73
87-->[com.onesignal:OneSignal:4.8.5] AndroidManifest.xml:43:22-70
88    <uses-permission android:name="com.oppo.launcher.permission.READ_SETTINGS" />
88-->[com.onesignal:OneSignal:4.8.5] AndroidManifest.xml:44:5-82
88-->[com.onesignal:OneSignal:4.8.5] AndroidManifest.xml:44:22-79
89    <uses-permission android:name="com.oppo.launcher.permission.WRITE_SETTINGS" /> <!-- EvMe -->
89-->[com.onesignal:OneSignal:4.8.5] AndroidManifest.xml:45:5-83
89-->[com.onesignal:OneSignal:4.8.5] AndroidManifest.xml:45:22-80
90    <uses-permission android:name="me.everything.badger.permission.BADGE_COUNT_READ" />
90-->[com.onesignal:OneSignal:4.8.5] AndroidManifest.xml:46:5-88
90-->[com.onesignal:OneSignal:4.8.5] AndroidManifest.xml:46:22-85
91    <uses-permission android:name="me.everything.badger.permission.BADGE_COUNT_WRITE" />
91-->[com.onesignal:OneSignal:4.8.5] AndroidManifest.xml:47:5-89
91-->[com.onesignal:OneSignal:4.8.5] AndroidManifest.xml:47:22-86
92
93    <application
94        android:name="android.app.Application"
94-->src/main/AndroidManifest.xml:5:9-42
95        android:appComponentFactory="androidx.core.app.CoreComponentFactory"
95-->[androidx.core:core:1.8.0] AndroidManifest.xml:24:18-86
96        android:icon="@mipmap/ic_launcher"
96-->src/main/AndroidManifest.xml:6:9-43
97        android:label="al_dana_admin"
97-->src/main/AndroidManifest.xml:4:9-38
98        android:requestLegacyExternalStorage="true"
98-->src/main/AndroidManifest.xml:8:9-52
99        android:usesCleartextTraffic="true" >
99-->src/main/AndroidManifest.xml:7:9-44
100        <activity
100-->src/main/AndroidManifest.xml:9:9-32:20
101            android:name="com.dezynex.al_dana_admin.MainActivity"
101-->src/main/AndroidManifest.xml:10:13-41
102            android:configChanges="orientation|keyboardHidden|keyboard|screenSize|smallestScreenSize|locale|layoutDirection|fontScale|screenLayout|density|uiMode"
102-->src/main/AndroidManifest.xml:14:13-163
103            android:exported="true"
103-->src/main/AndroidManifest.xml:11:13-36
104            android:hardwareAccelerated="true"
104-->src/main/AndroidManifest.xml:15:13-47
105            android:launchMode="singleTop"
105-->src/main/AndroidManifest.xml:12:13-43
106            android:theme="@style/LaunchTheme"
106-->src/main/AndroidManifest.xml:13:13-47
107            android:windowSoftInputMode="adjustResize" >
107-->src/main/AndroidManifest.xml:16:13-55
108
109            <!--
110            Specifies an Android theme to apply to this Activity as soon as
111                 the
112            Android process has started. This theme is visible to the user
113                 while
114            the Flutter UI initializes. After that, this theme continues
115                 to
116            determine the Window background behind the Flutter UI.
117            -->
118            <meta-data
118-->src/main/AndroidManifest.xml:24:13-27:15
119                android:name="io.flutter.embedding.android.NormalTheme"
119-->src/main/AndroidManifest.xml:25:17-72
120                android:resource="@style/NormalTheme" />
120-->src/main/AndroidManifest.xml:26:17-54
121
122            <intent-filter>
122-->src/main/AndroidManifest.xml:28:13-31:29
123                <action android:name="android.intent.action.MAIN" />
123-->src/main/AndroidManifest.xml:29:17-69
123-->src/main/AndroidManifest.xml:29:25-66
124
125                <category android:name="android.intent.category.LAUNCHER" />
125-->src/main/AndroidManifest.xml:30:17-77
125-->src/main/AndroidManifest.xml:30:27-74
126            </intent-filter>
127        </activity>
128        <!--
129        Don't delete the meta-data below.
130             This is used by the Flutter tool to
131        generate GeneratedPluginRegistrant.java
132        -->
133        <meta-data
133-->src/main/AndroidManifest.xml:36:9-38:33
134            android:name="flutterEmbedding"
134-->src/main/AndroidManifest.xml:37:13-44
135            android:value="2" />
135-->src/main/AndroidManifest.xml:38:13-30
136        <meta-data
136-->src/main/AndroidManifest.xml:39:9-40:71
137            android:name="com.google.android.geo.API_KEY"
137-->src/main/AndroidManifest.xml:39:20-65
138            android:value="AIzaSyAZhyWZFJMPbZXMYgfkJlMoy77WQ4RxVzk" />
138-->src/main/AndroidManifest.xml:40:13-68
139
140        <provider
140-->[:image_picker_android] AndroidManifest.xml:10:9-18:20
141            android:name="io.flutter.plugins.imagepicker.ImagePickerFileProvider"
141-->[:image_picker_android] AndroidManifest.xml:11:13-82
142            android:authorities="com.dezynex.al_dana_admin.flutter.image_provider"
142-->[:image_picker_android] AndroidManifest.xml:12:13-74
143            android:exported="false"
143-->[:image_picker_android] AndroidManifest.xml:13:13-37
144            android:grantUriPermissions="true" >
144-->[:image_picker_android] AndroidManifest.xml:14:13-47
145            <meta-data
145-->[:image_picker_android] AndroidManifest.xml:15:13-17:75
146                android:name="android.support.FILE_PROVIDER_PATHS"
146-->[:image_picker_android] AndroidManifest.xml:16:17-67
147                android:resource="@xml/flutter_image_picker_file_paths" />
147-->[:image_picker_android] AndroidManifest.xml:17:17-72
148        </provider>
149
150        <service
150-->[:location] AndroidManifest.xml:13:9-17:56
151            android:name="com.lyokone.location.FlutterLocationService"
151-->[:location] AndroidManifest.xml:14:13-71
152            android:enabled="true"
152-->[:location] AndroidManifest.xml:15:13-35
153            android:exported="false"
153-->[:location] AndroidManifest.xml:16:13-37
154            android:foregroundServiceType="location" />
154-->[:location] AndroidManifest.xml:17:13-53
155
156        <uses-library
156-->[androidx.window:window:1.0.0-beta04] AndroidManifest.xml:25:9-27:40
157            android:name="androidx.window.extensions"
157-->[androidx.window:window:1.0.0-beta04] AndroidManifest.xml:26:13-54
158            android:required="false" />
158-->[androidx.window:window:1.0.0-beta04] AndroidManifest.xml:27:13-37
159        <uses-library
159-->[androidx.window:window:1.0.0-beta04] AndroidManifest.xml:28:9-30:40
160            android:name="androidx.window.sidecar"
160-->[androidx.window:window:1.0.0-beta04] AndroidManifest.xml:29:13-51
161            android:required="false" /> <!-- Needs to be explicitly declared on P+ -->
161-->[androidx.window:window:1.0.0-beta04] AndroidManifest.xml:30:13-37
162        <uses-library
162-->[com.google.android.gms:play-services-maps:18.1.0] AndroidManifest.xml:39:9-41:40
163            android:name="org.apache.http.legacy"
163-->[com.google.android.gms:play-services-maps:18.1.0] AndroidManifest.xml:40:13-50
164            android:required="false" />
164-->[com.google.android.gms:play-services-maps:18.1.0] AndroidManifest.xml:41:13-37
165
166        <receiver
166-->[com.onesignal:OneSignal:4.8.5] AndroidManifest.xml:50:9-61:20
167            android:name="com.onesignal.FCMBroadcastReceiver"
167-->[com.onesignal:OneSignal:4.8.5] AndroidManifest.xml:51:13-62
168            android:exported="true"
168-->[com.onesignal:OneSignal:4.8.5] AndroidManifest.xml:52:13-36
169            android:permission="com.google.android.c2dm.permission.SEND" >
169-->[com.onesignal:OneSignal:4.8.5] AndroidManifest.xml:53:13-73
170
171            <!-- High priority so OneSignal payloads can be filtered from other FCM receivers -->
172            <intent-filter android:priority="999" >
172-->[com.onesignal:OneSignal:4.8.5] AndroidManifest.xml:56:13-60:29
172-->[com.onesignal:OneSignal:4.8.5] AndroidManifest.xml:56:28-50
173                <action android:name="com.google.android.c2dm.intent.RECEIVE" />
173-->[com.onesignal:OneSignal:4.8.5] AndroidManifest.xml:57:17-81
173-->[com.onesignal:OneSignal:4.8.5] AndroidManifest.xml:57:25-78
174
175                <category android:name="com.dezynex.al_dana_admin" />
175-->[com.onesignal:OneSignal:4.8.5] AndroidManifest.xml:59:17-61
175-->[com.onesignal:OneSignal:4.8.5] AndroidManifest.xml:59:27-58
176            </intent-filter>
177        </receiver>
178
179        <service
179-->[com.onesignal:OneSignal:4.8.5] AndroidManifest.xml:63:9-69:19
180            android:name="com.onesignal.HmsMessageServiceOneSignal"
180-->[com.onesignal:OneSignal:4.8.5] AndroidManifest.xml:64:13-68
181            android:exported="false" >
181-->[com.onesignal:OneSignal:4.8.5] AndroidManifest.xml:65:13-37
182            <intent-filter>
182-->[com.onesignal:OneSignal:4.8.5] AndroidManifest.xml:66:13-68:29
183                <action android:name="com.huawei.push.action.MESSAGING_EVENT" />
183-->[com.onesignal:OneSignal:4.8.5] AndroidManifest.xml:67:17-81
183-->[com.onesignal:OneSignal:4.8.5] AndroidManifest.xml:67:25-78
184            </intent-filter>
185        </service>
186
187        <activity
187-->[com.onesignal:OneSignal:4.8.5] AndroidManifest.xml:71:9-79:20
188            android:name="com.onesignal.NotificationOpenedActivityHMS"
188-->[com.onesignal:OneSignal:4.8.5] AndroidManifest.xml:72:13-71
189            android:exported="true"
189-->[com.onesignal:OneSignal:4.8.5] AndroidManifest.xml:73:13-36
190            android:noHistory="true"
190-->[com.onesignal:OneSignal:4.8.5] AndroidManifest.xml:74:13-37
191            android:theme="@android:style/Theme.Translucent.NoTitleBar" >
191-->[com.onesignal:OneSignal:4.8.5] AndroidManifest.xml:75:13-72
192            <intent-filter>
192-->[com.onesignal:OneSignal:4.8.5] AndroidManifest.xml:76:13-78:29
193                <action android:name="android.intent.action.VIEW" />
193-->[com.onesignal:OneSignal:4.8.5] AndroidManifest.xml:77:17-69
193-->[com.onesignal:OneSignal:4.8.5] AndroidManifest.xml:77:25-66
194            </intent-filter>
195        </activity>
196
197        <service
197-->[com.onesignal:OneSignal:4.8.5] AndroidManifest.xml:81:9-83:40
198            android:name="com.onesignal.FCMIntentService"
198-->[com.onesignal:OneSignal:4.8.5] AndroidManifest.xml:82:13-58
199            android:exported="false" />
199-->[com.onesignal:OneSignal:4.8.5] AndroidManifest.xml:83:13-37
200        <service
200-->[com.onesignal:OneSignal:4.8.5] AndroidManifest.xml:84:9-87:72
201            android:name="com.onesignal.FCMIntentJobService"
201-->[com.onesignal:OneSignal:4.8.5] AndroidManifest.xml:85:13-61
202            android:exported="false"
202-->[com.onesignal:OneSignal:4.8.5] AndroidManifest.xml:86:13-37
203            android:permission="android.permission.BIND_JOB_SERVICE" />
203-->[com.onesignal:OneSignal:4.8.5] AndroidManifest.xml:87:13-69
204        <service
204-->[com.onesignal:OneSignal:4.8.5] AndroidManifest.xml:88:9-91:43
205            android:name="com.onesignal.SyncService"
205-->[com.onesignal:OneSignal:4.8.5] AndroidManifest.xml:89:13-53
206            android:exported="false"
206-->[com.onesignal:OneSignal:4.8.5] AndroidManifest.xml:90:13-37
207            android:stopWithTask="true" />
207-->[com.onesignal:OneSignal:4.8.5] AndroidManifest.xml:91:13-40
208        <service
208-->[com.onesignal:OneSignal:4.8.5] AndroidManifest.xml:92:9-95:72
209            android:name="com.onesignal.SyncJobService"
209-->[com.onesignal:OneSignal:4.8.5] AndroidManifest.xml:93:13-56
210            android:exported="false"
210-->[com.onesignal:OneSignal:4.8.5] AndroidManifest.xml:94:13-37
211            android:permission="android.permission.BIND_JOB_SERVICE" />
211-->[com.onesignal:OneSignal:4.8.5] AndroidManifest.xml:95:13-69
212
213        <activity
213-->[com.onesignal:OneSignal:4.8.5] AndroidManifest.xml:97:9-100:75
214            android:name="com.onesignal.PermissionsActivity"
214-->[com.onesignal:OneSignal:4.8.5] AndroidManifest.xml:98:13-61
215            android:exported="false"
215-->[com.onesignal:OneSignal:4.8.5] AndroidManifest.xml:99:13-37
216            android:theme="@android:style/Theme.Translucent.NoTitleBar" />
216-->[com.onesignal:OneSignal:4.8.5] AndroidManifest.xml:100:13-72
217
218        <receiver
218-->[com.onesignal:OneSignal:4.8.5] AndroidManifest.xml:102:9-104:39
219            android:name="com.onesignal.NotificationDismissReceiver"
219-->[com.onesignal:OneSignal:4.8.5] AndroidManifest.xml:103:13-69
220            android:exported="true" />
220-->[com.onesignal:OneSignal:4.8.5] AndroidManifest.xml:104:13-36
221        <receiver
221-->[com.onesignal:OneSignal:4.8.5] AndroidManifest.xml:105:9-112:20
222            android:name="com.onesignal.BootUpReceiver"
222-->[com.onesignal:OneSignal:4.8.5] AndroidManifest.xml:106:13-56
223            android:exported="true" >
223-->[com.onesignal:OneSignal:4.8.5] AndroidManifest.xml:107:13-36
224            <intent-filter>
224-->[com.onesignal:OneSignal:4.8.5] AndroidManifest.xml:108:13-111:29
225                <action android:name="android.intent.action.BOOT_COMPLETED" />
225-->[com.onesignal:OneSignal:4.8.5] AndroidManifest.xml:109:17-79
225-->[com.onesignal:OneSignal:4.8.5] AndroidManifest.xml:109:25-76
226                <action android:name="android.intent.action.QUICKBOOT_POWERON" />
226-->[com.onesignal:OneSignal:4.8.5] AndroidManifest.xml:110:17-82
226-->[com.onesignal:OneSignal:4.8.5] AndroidManifest.xml:110:25-79
227            </intent-filter>
228        </receiver>
229        <receiver
229-->[com.onesignal:OneSignal:4.8.5] AndroidManifest.xml:113:9-119:20
230            android:name="com.onesignal.UpgradeReceiver"
230-->[com.onesignal:OneSignal:4.8.5] AndroidManifest.xml:114:13-57
231            android:exported="true" >
231-->[com.onesignal:OneSignal:4.8.5] AndroidManifest.xml:115:13-36
232            <intent-filter>
232-->[com.onesignal:OneSignal:4.8.5] AndroidManifest.xml:116:13-118:29
233                <action android:name="android.intent.action.MY_PACKAGE_REPLACED" />
233-->[com.onesignal:OneSignal:4.8.5] AndroidManifest.xml:117:17-84
233-->[com.onesignal:OneSignal:4.8.5] AndroidManifest.xml:117:25-81
234            </intent-filter>
235        </receiver>
236
237        <activity
237-->[com.onesignal:OneSignal:4.8.5] AndroidManifest.xml:121:9-127:75
238            android:name="com.onesignal.NotificationOpenedReceiver"
238-->[com.onesignal:OneSignal:4.8.5] AndroidManifest.xml:122:13-68
239            android:excludeFromRecents="true"
239-->[com.onesignal:OneSignal:4.8.5] AndroidManifest.xml:123:13-46
240            android:exported="true"
240-->[com.onesignal:OneSignal:4.8.5] AndroidManifest.xml:124:13-36
241            android:noHistory="true"
241-->[com.onesignal:OneSignal:4.8.5] AndroidManifest.xml:125:13-37
242            android:taskAffinity=""
242-->[com.onesignal:OneSignal:4.8.5] AndroidManifest.xml:126:13-36
243            android:theme="@android:style/Theme.Translucent.NoTitleBar" />
243-->[com.onesignal:OneSignal:4.8.5] AndroidManifest.xml:127:13-72
244        <activity
244-->[com.onesignal:OneSignal:4.8.5] AndroidManifest.xml:128:9-133:75
245            android:name="com.onesignal.NotificationOpenedReceiverAndroid22AndOlder"
245-->[com.onesignal:OneSignal:4.8.5] AndroidManifest.xml:129:13-85
246            android:excludeFromRecents="true"
246-->[com.onesignal:OneSignal:4.8.5] AndroidManifest.xml:130:13-46
247            android:exported="true"
247-->[com.onesignal:OneSignal:4.8.5] AndroidManifest.xml:131:13-36
248            android:noHistory="true"
248-->[com.onesignal:OneSignal:4.8.5] AndroidManifest.xml:132:13-37
249            android:theme="@android:style/Theme.Translucent.NoTitleBar" />
249-->[com.onesignal:OneSignal:4.8.5] AndroidManifest.xml:133:13-72
250        <activity
250-->[com.google.android.gms:play-services-base:18.0.1] AndroidManifest.xml:20:9-22:45
251            android:name="com.google.android.gms.common.api.GoogleApiActivity"
251-->[com.google.android.gms:play-services-base:18.0.1] AndroidManifest.xml:20:19-85
252            android:exported="false"
252-->[com.google.android.gms:play-services-base:18.0.1] AndroidManifest.xml:22:19-43
253            android:theme="@android:style/Theme.Translucent.NoTitleBar" />
253-->[com.google.android.gms:play-services-base:18.0.1] AndroidManifest.xml:21:19-78
254
255        <receiver
255-->[com.google.firebase:firebase-messaging:22.0.0] AndroidManifest.xml:28:9-35:20
256            android:name="com.google.firebase.iid.FirebaseInstanceIdReceiver"
256-->[com.google.firebase:firebase-messaging:22.0.0] AndroidManifest.xml:29:13-78
257            android:exported="true"
257-->[com.google.firebase:firebase-messaging:22.0.0] AndroidManifest.xml:30:13-36
258            android:permission="com.google.android.c2dm.permission.SEND" >
258-->[com.google.firebase:firebase-messaging:22.0.0] AndroidManifest.xml:31:13-73
259            <intent-filter>
259-->[com.google.firebase:firebase-messaging:22.0.0] AndroidManifest.xml:32:13-34:29
260                <action android:name="com.google.android.c2dm.intent.RECEIVE" />
260-->[com.onesignal:OneSignal:4.8.5] AndroidManifest.xml:57:17-81
260-->[com.onesignal:OneSignal:4.8.5] AndroidManifest.xml:57:25-78
261            </intent-filter>
262        </receiver>
263        <!--
264             FirebaseMessagingService performs security checks at runtime,
265             but set to not exported to explicitly avoid allowing another app to call it.
266        -->
267        <service
267-->[com.google.firebase:firebase-messaging:22.0.0] AndroidManifest.xml:41:9-48:19
268            android:name="com.google.firebase.messaging.FirebaseMessagingService"
268-->[com.google.firebase:firebase-messaging:22.0.0] AndroidManifest.xml:42:13-82
269            android:directBootAware="true"
269-->[com.google.firebase:firebase-messaging:22.0.0] AndroidManifest.xml:43:13-43
270            android:exported="false" >
270-->[com.google.firebase:firebase-messaging:22.0.0] AndroidManifest.xml:44:13-37
271            <intent-filter android:priority="-500" >
271-->[com.google.firebase:firebase-messaging:22.0.0] AndroidManifest.xml:45:13-47:29
271-->[com.google.firebase:firebase-messaging:22.0.0] AndroidManifest.xml:45:28-51
272                <action android:name="com.google.firebase.MESSAGING_EVENT" />
272-->[com.google.firebase:firebase-messaging:22.0.0] AndroidManifest.xml:46:17-78
272-->[com.google.firebase:firebase-messaging:22.0.0] AndroidManifest.xml:46:25-75
273            </intent-filter>
274        </service>
275        <service
275-->[com.google.firebase:firebase-messaging:22.0.0] AndroidManifest.xml:49:9-55:19
276            android:name="com.google.firebase.components.ComponentDiscoveryService"
276-->[com.google.firebase:firebase-messaging:22.0.0] AndroidManifest.xml:50:13-84
277            android:directBootAware="true"
277-->[com.google.firebase:firebase-common:20.0.0] AndroidManifest.xml:35:13-43
278            android:exported="false" >
278-->[com.google.firebase:firebase-messaging:22.0.0] AndroidManifest.xml:51:13-37
279            <meta-data
279-->[com.google.firebase:firebase-messaging:22.0.0] AndroidManifest.xml:52:13-54:85
280                android:name="com.google.firebase.components:com.google.firebase.messaging.FirebaseMessagingRegistrar"
280-->[com.google.firebase:firebase-messaging:22.0.0] AndroidManifest.xml:53:17-119